#
# There is insufficient memory for the Java Runtime Environment to continue.
# Native memory allocation (malloc) failed to allocate 1048576 bytes for AllocateHeap
# Possible reasons:
#   The system is out of physical RAM or swap space
#   The process is running with CompressedOops enabled, and the Java Heap may be blocking the growth of the native heap
# Possible solutions:
#   Reduce memory load on the system
#   Increase physical memory or swap space
#   Check if swap backing store is full
#   Decrease Java heap size (-Xmx/-Xms)
#   Decrease number of Java threads
#   Decrease Java thread stack sizes (-Xss)
#   Set larger code cache with -XX:ReservedCodeCacheSize=
#   JVM is running with Unscaled Compressed Oops mode in which the Java heap is
#     placed in the first 4GB address space. The Java Heap base address is the
#     maximum limit for the native heap growth. Please use -XX:HeapBaseMinAddress
#     to set the Java Heap base and to place the Java Heap above 4GB virtual address.
# This output file may be truncated or incomplete.
#
#  Out of Memory Error (memory/allocation.inline.hpp:61), pid=29400, tid=0x0000000000003234
#
# JRE version:  (8.0_282-b08) (build )
# Java VM: OpenJDK 64-Bit Server VM (25.282-b08 mixed mode windows-amd64 compressed oops)
# Failed to write core dump. Minidumps are not enabled by default on client versions of Windows
#

---------------  T H R E A D  ---------------

Current thread (0x0000025f0cde4800):  JavaThread "Unknown thread" [_thread_in_vm, id=12852, stack(0x000000c3fbd00000,0x000000c3fbe00000)]

Stack: [0x000000c3fbd00000,0x000000c3fbe00000]
[error occurred during error reporting (printing stack bounds), id 0xc0000005]

Native frames: (J=compiled Java code, j=interpreted, Vv=VM code, C=native code)


---------------  P R O C E S S  ---------------

Java Threads: ( => current thread )

Other Threads:

=>0x0000025f0cde4800 (exited) JavaThread "Unknown thread" [_thread_in_vm, id=12852, stack(0x000000c3fbd00000,0x000000c3fbe00000)]

VM state:not at safepoint (normal execution)

VM Mutex/Monitor currently owned by a thread: None

heap address: 0x0000000082600000, size: 2010 MB, Compressed Oops mode: 32-bit
Narrow klass base: 0x0000000000000000, Narrow klass shift: 3
Compressed class space size: 1073741824 Address: 0x0000000100000000

Heap:
 PSYoungGen      total 37888K, used 655K [0x00000000d6200000, 0x00000000d8c00000, 0x0000000100000000)
  eden space 32768K, 2% used [0x00000000d6200000,0x00000000d62a3d80,0x00000000d8200000)
  from space 5120K, 0% used [0x00000000d8700000,0x00000000d8700000,0x00000000d8c00000)
  to   space 5120K, 0% used [0x00000000d8200000,0x00000000d8200000,0x00000000d8700000)
 ParOldGen       total 86016K, used 0K [0x0000000082600000, 0x0000000087a00000, 0x00000000d6200000)
  object space 86016K, 0% used [0x0000000082600000,0x0000000082600000,0x0000000087a00000)
 Metaspace       used 783K, capacity 4480K, committed 4480K, reserved 1056768K
  class space    used 76K, capacity 384K, committed 384K, reserved 1048576K

Card table byte_map: [0x0000025f1dad0000,0x0000025f1dec0000] byte_map_base: 0x0000025f1d6bd000

Marking Bits: (ParMarkBitMap*) 0x00000000590f0890
 Begin Bits: [0x0000025f1e160000, 0x0000025f200c8000)
 End Bits:   [0x0000025f200c8000, 0x0000025f22030000)

Polling page: 0x0000025f0cef0000

CodeCache: size=245760Kb used=329Kb max_used=329Kb free=245430Kb
 bounds [0x0000025f0e710000, 0x0000025f0e980000, 0x0000025f1d710000]
 total_blobs=59 nmethods=0 adapters=40
 compilation: enabled

Compilation events (0 events):
No events

GC Heap History (0 events):
No events

Deoptimization events (0 events):
No events

Classes redefined (0 events):
No events

Internal exceptions (0 events):
No events

Events (10 events):
Event: 0.030 loading class java/lang/Short
Event: 0.030 loading class java/lang/Short done
Event: 0.030 loading class java/lang/Integer
Event: 0.030 loading class java/lang/Integer done
Event: 0.030 loading class java/lang/Long
Event: 0.030 loading class java/lang/Long done
Event: 0.031 loading class java/lang/NullPointerException
Event: 0.031 loading class java/lang/NullPointerException done
Event: 0.031 loading class java/lang/ArithmeticException
Event: 0.031 loading class java/lang/ArithmeticException done


Dynamic libraries:
0x00007ff6807e0000 - 0x00007ff68081a000 	C:\Users\stesh\.jdks\corretto-1.8.0_282\bin\java.exe
0x00007ffa413a0000 - 0x00007ffa41590000 	C:\Windows\SYSTEM32\ntdll.dll
0x00007ffa3f8f0000 - 0x00007ffa3f9a2000 	C:\Windows\System32\KERNEL32.DLL
0x00007ffa3e5c0000 - 0x00007ffa3e865000 	C:\Windows\System32\KERNELBASE.dll
0x00007ffa410d0000 - 0x00007ffa41173000 	C:\Windows\System32\ADVAPI32.dll
0x00007ffa3f450000 - 0x00007ffa3f4ee000 	C:\Windows\System32\msvcrt.dll
0x00007ffa3fc90000 - 0x00007ffa3fd27000 	C:\Windows\System32\sechost.dll
0x00007ffa40fb0000 - 0x00007ffa410cf000 	C:\Windows\System32\RPCRT4.dll
0x00007ffa40560000 - 0x00007ffa406f4000 	C:\Windows\System32\USER32.dll
0x00007ffa3eb40000 - 0x00007ffa3eb61000 	C:\Windows\System32\win32u.dll
0x00007ffa3f8c0000 - 0x00007ffa3f8e6000 	C:\Windows\System32\GDI32.dll
0x00007ffa3e970000 - 0x00007ffa3eb08000 	C:\Windows\System32\gdi32full.dll
0x00007ffa3e3c0000 - 0x00007ffa3e45e000 	C:\Windows\System32\msvcp_win.dll
0x00007ffa3e460000 - 0x00007ffa3e55a000 	C:\Windows\System32\ucrtbase.dll
0x00007ffa24310000 - 0x00007ffa24594000 	C:\Windows\WinSxS\amd64_microsoft.windows.common-controls_6595b64144ccf1df_6.0.18362.1440_none_9e7dbfb9e45e8e67\COMCTL32.dll
0x00007ffa3f4f0000 - 0x00007ffa3f826000 	C:\Windows\System32\combase.dll
0x00007ffa3e890000 - 0x00007ffa3e911000 	C:\Windows\System32\bcryptPrimitives.dll
0x00007ffa3f830000 - 0x00007ffa3f85e000 	C:\Windows\System32\IMM32.DLL
0x00007ff9fec90000 - 0x00007ff9fed7f000 	C:\Users\stesh\.jdks\corretto-1.8.0_282\jre\bin\msvcr120.dll
0x00007ff9fd790000 - 0x00007ff9fd836000 	C:\Users\stesh\.jdks\corretto-1.8.0_282\jre\bin\msvcp120.dll
0x0000000058900000 - 0x000000005916f000 	C:\Users\stesh\.jdks\corretto-1.8.0_282\jre\bin\server\jvm.dll
0x00007ffa40fa0000 - 0x00007ffa40fa8000 	C:\Windows\System32\PSAPI.DLL
0x00007ffa3b520000 - 0x00007ffa3b544000 	C:\Windows\SYSTEM32\WINMM.dll
0x00007ffa389e0000 - 0x00007ffa389e9000 	C:\Windows\SYSTEM32\WSOCK32.dll
0x00007ffa37990000 - 0x00007ffa3799a000 	C:\Windows\SYSTEM32\VERSION.dll
0x00007ffa40cb0000 - 0x00007ffa40d1f000 	C:\Windows\System32\WS2_32.dll
0x00007ffa3ae30000 - 0x00007ffa3ae5d000 	C:\Windows\SYSTEM32\WINMMBASE.dll
0x00007ffa3e920000 - 0x00007ffa3e96a000 	C:\Windows\System32\cfgmgr32.dll
0x00007ffa3b740000 - 0x00007ffa3b74f000 	C:\Users\stesh\.jdks\corretto-1.8.0_282\jre\bin\verify.dll
0x00007ffa2cdf0000 - 0x00007ffa2ce19000 	C:\Users\stesh\.jdks\corretto-1.8.0_282\jre\bin\java.dll
0x00007ffa2bf60000 - 0x00007ffa2bf8a000 	C:\Users\stesh\.jdks\corretto-1.8.0_282\jre\bin\instrument.dll
0x00007ffa2d9b0000 - 0x00007ffa2d9c6000 	C:\Users\stesh\.jdks\corretto-1.8.0_282\jre\bin\zip.dll

VM Arguments:
jvm_args: -javaagent:C:\Program Files\JetBrains\IntelliJ IDEA 2020.3.2\lib\idea_rt.jar=63157:C:\Program Files\JetBrains\IntelliJ IDEA 2020.3.2\bin -Dfile.encoding=UTF-8 
java_command: runner.Runner
java_class_path (initial): C:\Users\stesh\.jdks\corretto-1.8.0_282\jre\lib\charsets.jar;C:\Users\stesh\.jdks\corretto-1.8.0_282\jre\lib\ext\access-bridge-64.jar;C:\Users\stesh\.jdks\corretto-1.8.0_282\jre\lib\ext\cldrdata.jar;C:\Users\stesh\.jdks\corretto-1.8.0_282\jre\lib\ext\dnsns.jar;C:\Users\stesh\.jdks\corretto-1.8.0_282\jre\lib\ext\jaccess.jar;C:\Users\stesh\.jdks\corretto-1.8.0_282\jre\lib\ext\jfxrt.jar;C:\Users\stesh\.jdks\corretto-1.8.0_282\jre\lib\ext\localedata.jar;C:\Users\stesh\.jdks\corretto-1.8.0_282\jre\lib\ext\nashorn.jar;C:\Users\stesh\.jdks\corretto-1.8.0_282\jre\lib\ext\sunec.jar;C:\Users\stesh\.jdks\corretto-1.8.0_282\jre\lib\ext\sunjce_provider.jar;C:\Users\stesh\.jdks\corretto-1.8.0_282\jre\lib\ext\sunmscapi.jar;C:\Users\stesh\.jdks\corretto-1.8.0_282\jre\lib\ext\sunpkcs11.jar;C:\Users\stesh\.jdks\corretto-1.8.0_282\jre\lib\ext\zipfs.jar;C:\Users\stesh\.jdks\corretto-1.8.0_282\jre\lib\jce.jar;C:\Users\stesh\.jdks\corretto-1.8.0_282\jre\lib\jfr.jar;C:\Users\stesh\.jdks\corretto-1.8.0_282\jre\lib\jfxswt.jar;C:\Users\stesh\.jdks\corretto-1.8.0_282\jre\lib\jsse.jar;C:\Users\stesh\.jdks\corretto-1.8.0_282\jre\lib\management-agent.jar;C:\Users\stesh\.jdks\corretto-1.8.0_282\jre\lib\resources.jar;C:\Users\stesh\.jdks\corretto-1.8.0_282\jre\lib\rt.jar;D:\TextParsing\target\classes;C:\Users\stesh\.m2\repository\org\junit\jupiter\junit-jupiter\5.8.0-M1\junit-jupiter-5.8.0-M1.jar;C:\Users\stesh\.m2\repository\org\junit\jupiter\junit-jupiter-api\5.8.0-M1\junit-jupiter-api-5.8.0-M1.jar;C:\Users\stesh\.m2\repository\org\apiguardian\apiguardian-api\1.1.1\apiguardian-api-1.1.1.jar;C:\Users\stesh\.m2\repository\org\opentest4j\opentest4j\1.2.0\opentest4j-1.2.0.jar;C:\Users\stesh\.m2\repository\org\junit\platform\junit-platform-commons\1.8.0-M1\junit-platform-commons-1.8.0-M1.jar;C:\Users\stesh\.m2\repository\org\junit\jupiter\junit-jupiter-params\5.8.0-M1\junit-jupiter-params-5.8.0-M1.jar;C:\Users\stesh\.m2\repository\org\junit\jupiter\junit-jupiter-engine\5.
Launcher Type: SUN_STANDARD

Environment Variables:
JAVA_HOME=C:\Program Files\Java\jdk1.8.0_281
PATH=C:\Program Files (x86)\Common Files\Oracle\Java\javapath;C:\Windows\system32;C:\Windows;C:\Windows\System32\Wbem;C:\Windows\System32\WindowsPowerShell\v1.0\;C:\Windows\System32\OpenSSH\;C:\Program Files (x86)\NVIDIA Corporation\PhysX\Common;C:\Program Files\NVIDIA Corporation\NVIDIA NvDLISR;C:\Program Files\dotnet\;C:\Program Files\Java\jdk1.8.0_281\bin;C:\Program Files\Git\cmd;C:\Program Files (x86)\GitExtensions\;C:\Program Files\nodejs\;C:\Users\stesh\AppData\Local\Microsoft\WindowsApps;C:\Program Files\JetBrains\IntelliJ IDEA Community Edition 2020.3.2\bin;;;C:\Program Files\JetBrains\IntelliJ IDEA 2020.3.2\bin;;C:\Users\stesh\AppData\Roaming\npm
USERNAME=stesh
OS=Windows_NT
PROCESSOR_IDENTIFIER=Intel64 Family 6 Model 158 Stepping 10, GenuineIntel



---------------  S Y S T E M  ---------------

OS: Windows 10.0 , 64 bit Build 18362 (10.0.18362.1350)

CPU:total 8 (initial active 8) (4 cores per cpu, 2 threads per core) family 6 model 158 stepping 10, cmov, cx8, fxsr, mmx, sse, sse2, sse3, ssse3, sse4.1, sse4.2, popcnt, avx, avx2, aes, clmul, erms, 3dnowpref, lzcnt, ht, tsc, tscinvbit, bmi1, bmi2, adx

Memory: 4k page, physical 8228220k(995176k free), swap 16616828k(5180k free)

vm_info: OpenJDK 64-Bit Server VM (25.282-b08) for windows-amd64 JRE (1.8.0_282-b08), built on Jan 14 2021 22:12:08 by "Administrator" with MS VC++ 12.0 (VS2013)

time: Thu Apr 08 20:33:41 2021
timezone: Aaea?onu (ceia)
elapsed time: 0.133237 seconds (0d 0h 0m 0s)

